<?xml version="1.0" encoding="UTF-8"?>
<testsuites name="TS4" time="2.111" tests="1" failures="0" errors="0">
   <testsuite name="TS4" tests="1" failures="0" errors="0" time="2.111" skipped="0" timestamp="21-08-2024T11:18:31" hostname="phamvanbinh - localhost" id="Test Suites/TS4">
      <properties>
         <property name="deviceName" value=""/>
         <property name="devicePlatform"/>
         <property name="logFolder" value="/Users/phamvanbinh/Documents/testkatalon/testkatalon/Reports/20240821_111828/TS4/20240821_111828"/>
         <property name="logFiles" value="/Users/phamvanbinh/Documents/testkatalon/testkatalon/Reports/20240821_111828/TS4/20240821_111828/execution0.log"/>
         <property name="attachments" value=""/>
         <property name="hostName" value="phamvanbinh - localhost"/>
         <property name="os" value="Mac OS X 64bit"/>
         <property name="katalonVersion" value="9.6.0.217"/>
         <property name="browser" value="Chrome 127.0.0.0"/>
         <property name="hostAddress" value="127.0.0.1"/>
         <property name="sessionId" value="9d80d05b9349c5f371ce8e65dd0e90e6"/>
         <property name="seleniumVersion" value="3.141.59"/>
         <property name="proxyInformation" value="ProxyInformation { proxyOption=NO_PROXY, proxyServerType=HTTP, username=, password=********, proxyServerAddress=, proxyServerPort=0, executionList=&quot;&quot;, isApplyToDesiredCapabilities=true }"/>
         <property name="platform" value="Mac OS X"/>
      </properties>
      <testcase name="Test Cases/TC4" time="2.055" classname="Test Cases/TC4" status="PASSED">
         <system-out><![CDATA[21-08-2024T11:18:31 - [TEST_CASE][PASSED] - Test Cases/TC4: Test Cases/TC4

21-08-2024T11:18:32 - [TEST_STEP][PASSED] - openBrowser("https://google.com"): Browser is opened with url: 'https://google.com'

21-08-2024T11:18:32 - [MESSAGE][INFO] - Starting 'Chrome' driver

21-08-2024T11:18:32 - [MESSAGE][INFO] - Action delay is set to 0 milliseconds

21-08-2024T11:18:34 - [MESSAGE][PASSED] - Browser is opened with url: 'https://google.com']]></system-out>
         <system-err><![CDATA[]]></system-err>
      </testcase>
      <system-out><![CDATA[21-08-2024T11:18:31 - [TEST_SUITE][PASSED] - TS4: Test Cases/TC4]]></system-out>
      <system-err><![CDATA[]]></system-err>
   </testsuite>
</testsuites>
