<?xml version="1.0" encoding="UTF-8"?>
<testsuites name="TS4" time="3.509" tests="1" failures="0" errors="0">
   <testsuite name="TS4" tests="1" failures="0" errors="0" time="3.509" skipped="0" timestamp="22-08-2024T10:39:40" hostname="phamvanbinh - localhost" id="Test Suites/TS4">
      <properties>
         <property name="deviceName" value=""/>
         <property name="devicePlatform"/>
         <property name="logFolder" value="/Users/phamvanbinh/Documents/testkatalon/testkatalon/Reports/20240822_103934/TS4/20240822_103935"/>
         <property name="logFiles" value="/Users/phamvanbinh/Documents/testkatalon/testkatalon/Reports/20240822_103934/TS4/20240822_103935/execution0.log"/>
         <property name="attachments" value=""/>
         <property name="hostName" value="phamvanbinh - localhost"/>
         <property name="os" value="Mac OS X 64bit"/>
         <property name="katalonVersion" value="9.6.0.217"/>
         <property name="browser" value="Chrome 128.0.0.0"/>
         <property name="hostAddress" value="127.0.0.1"/>
         <property name="sessionId" value="b75fb04f3478686c818147e9602cbdc5"/>
         <property name="seleniumVersion" value="3.141.59"/>
         <property name="proxyInformation" value="ProxyInformation { proxyOption=NO_PROXY, proxyServerType=HTTP, username=, password=********, proxyServerAddress=, proxyServerPort=0, executionList=&quot;&quot;, isApplyToDesiredCapabilities=true }"/>
         <property name="platform" value="Mac OS X"/>
      </properties>
      <testcase name="Test Cases/TC4" time="3.454" classname="Test Cases/TC4" status="PASSED">
         <system-out><![CDATA[22-08-2024T10:39:41 - [TEST_CASE][PASSED] - Test Cases/TC4: Test Cases/TC4

22-08-2024T10:39:41 - [TEST_STEP][PASSED] - openBrowser("https://google.com"): Browser is opened with url: 'https://google.com'

22-08-2024T10:39:41 - [MESSAGE][INFO] - Starting 'Chrome' driver

22-08-2024T10:39:41 - [MESSAGE][INFO] - Action delay is set to 0 milliseconds

22-08-2024T10:39:44 - [MESSAGE][PASSED] - Browser is opened with url: 'https://google.com']]></system-out>
         <system-err><![CDATA[]]></system-err>
      </testcase>
      <system-out><![CDATA[22-08-2024T10:39:40 - [TEST_SUITE][PASSED] - TS4: Test Cases/TC4]]></system-out>
      <system-err><![CDATA[]]></system-err>
   </testsuite>
</testsuites>
