<?xml version="1.0" encoding="UTF-8"?>
<testsuites name="TS6" time="59.371" tests="1" failures="0" errors="0">
   <testsuite name="TS6" tests="1" failures="0" errors="0" time="59.371" skipped="0" timestamp="22-08-2024T10:00:25" hostname="phamvanbinh - localhost" id="Test Suites/TS6">
      <properties>
         <property name="deviceName"/>
         <property name="devicePlatform" value="WINDOWS"/>
         <property name="logFolder" value="/Users/phamvanbinh/Documents/testkatalon/testkatalon/Reports/20240822_100020/TS6/20240822_100020"/>
         <property name="logFiles" value="/Users/phamvanbinh/Documents/testkatalon/testkatalon/Reports/20240822_100020/TS6/20240822_100020/execution0.log"/>
         <property name="attachments" value=""/>
         <property name="hostName" value="phamvanbinh - localhost"/>
         <property name="remoteDriverUrl" value="testcloud.katalon.com/hub"/>
         <property name="desiredCapabilities" value="{&#xa;  &quot;timeouts&quot;: {&#xa;    &quot;implicit&quot;: 0,&#xa;    &quot;pageLoad&quot;: 300000,&#xa;    &quot;script&quot;: 30000&#xa;  },&#xa;  &quot;se:cdpEnabled&quot;: false,&#xa;  &quot;platform&quot;: &quot;WINDOWS&quot;,&#xa;  &quot;goog:chromeOptions&quot;: {&#xa;    &quot;debuggerAddress&quot;: &quot;localhost:9225&quot;&#xa;  },&#xa;  &quot;webauthn:extension:credBlob&quot;: true,&#xa;  &quot;acceptInsecureCerts&quot;: false,&#xa;  &quot;browserVersion&quot;: &quot;127.0.0.0&quot;,&#xa;  &quot;fedcm:accounts&quot;: true,&#xa;  &quot;kt:requestId&quot;: &quot;22034493-8a23-402b-9c84-2edb288ba289&quot;,&#xa;  &quot;browserName&quot;: &quot;chrome&quot;,&#xa;  &quot;javascriptEnabled&quot;: true,&#xa;  &quot;katalon:option&quot;: {&#xa;    &quot;executionSessionId&quot;: &quot;22034493-8a23-402b-9c84-2edb288ba289&quot;,&#xa;    &quot;userId&quot;: 1571139,&#xa;    &quot;organizationId&quot;: &quot;1616791&quot;,&#xa;    &quot;executionId&quot;: &quot;a9720e1b-8e12-4ea0-af7c-20ffd5ce6b3e&quot;,&#xa;    &quot;runFromTestCloud&quot;: true,&#xa;    &quot;usingTunnel&quot;: false&#xa;  },&#xa;  &quot;platformName&quot;: &quot;WINDOWS&quot;,&#xa;  &quot;setWindowRect&quot;: true,&#xa;  &quot;webauthn:extension:largeBlob&quot;: true,&#xa;  &quot;networkConnectionEnabled&quot;: false,&#xa;  &quot;chrome&quot;: {&#xa;    &quot;chromedriverVersion&quot;: &quot;127.0.6533.57 (d4459446bf8a5dbb9ba3b4a3675f9b4361323538-refs/branch-heads/6533@{#1561})&quot;,&#xa;    &quot;userDataDir&quot;: &quot;C:\\Program Files (x86)\\scoped_dir6012_1624769127&quot;&#xa;  },&#xa;  &quot;kt:rid&quot;: &quot;22034493-8a23-402b-9c84-2edb288ba289&quot;,&#xa;  &quot;pageLoadStrategy&quot;: &quot;normal&quot;,&#xa;  &quot;unhandledPromptBehavior&quot;: &quot;dismiss and notify&quot;,&#xa;  &quot;strictFileInteractability&quot;: false,&#xa;  &quot;***:loadExtension&quot;: [&#xa;    &quot;https://prod-magicleap-user-files-us-east-1-v1.s3.amazonaws.com/extensions/orgId-691279/SmartWait.zip&quot;&#xa;  ],&#xa;  &quot;se:bidiEnabled&quot;: false,&#xa;  &quot;proxy&quot;: {&#xa;    &quot;proxyType&quot;: &quot;UNSPECIFIED&quot;,&#xa;    &quot;autodetect&quot;: false&#xa;  },&#xa;  &quot;webauthn:extension:minPinLength&quot;: true,&#xa;  &quot;webauthn:extension:prf&quot;: true,&#xa;  &quot;webauthn:virtualAuthenticators&quot;: true&#xa;}"/>
         <property name="os" value="Mac OS X 64bit"/>
         <property name="remoteOS" value="Windows"/>
         <property name="katalonVersion" value="9.6.0.217"/>
         <property name="browser" value="Chrome 127.0.0.0"/>
         <property name="hostAddress" value="127.0.0.1"/>
         <property name="sessionId" value="2e51d3923a42a9c28c6e377863069c09"/>
         <property name="seleniumVersion" value="3.141.59"/>
         <property name="proxyInformation" value="ProxyInformation { proxyOption=NO_PROXY, proxyServerType=HTTP, username=, password=********, proxyServerAddress=, proxyServerPort=0, executionList=&quot;&quot;, isApplyToDesiredCapabilities=true }"/>
         <property name="platform" value="Mac OS X"/>
      </properties>
      <testcase name="Test Cases/TC6" time="59.31" classname="Test Cases/TC6" status="PASSED">
         <system-out><![CDATA[22-08-2024T10:00:25 - [TEST_CASE][PASSED] - Test Cases/TC6: Test Cases/TC6

22-08-2024T10:00:25 - [TEST_STEP][PASSED] - openBrowser("https://google.com"): Browser is opened with url: 'https://google.com'

22-08-2024T10:00:25 - [MESSAGE][INFO] - User set preference: ['os', 'windows']

22-08-2024T10:00:25 - [MESSAGE][INFO] - User set preference: ['browserVersion', '127']

22-08-2024T10:00:25 - [MESSAGE][INFO] - User set preference: ['browserName', 'chrome']

22-08-2024T10:00:25 - [MESSAGE][INFO] - User set preference: ['katalon:option', '{organizationId=1616791, usingTunnel=false}']

22-08-2024T10:00:25 - [MESSAGE][INFO] - Connecting to remote web server 'testcloud.katalon.com/hub' with type 'Selenium'

22-08-2024T10:00:26 - [MESSAGE][INFO] - Action delay is set to 0 milliseconds

22-08-2024T10:01:23 - [MESSAGE][PASSED] - Browser is opened with url: 'https://google.com'

22-08-2024T10:01:23 - [TEST_STEP][PASSED] - closeBrowser(): Browser is closed

22-08-2024T10:01:25 - [MESSAGE][PASSED] - Browser is closed]]></system-out>
         <system-err><![CDATA[]]></system-err>
      </testcase>
      <system-out><![CDATA[22-08-2024T10:00:25 - [TEST_SUITE][PASSED] - TS6: Test Cases/TC6]]></system-out>
      <system-err><![CDATA[]]></system-err>
   </testsuite>
</testsuites>
