<?xml version="1.0" encoding="UTF-8"?>
<testsuites name="TS2" time="28.43" tests="1" failures="0" errors="0">
   <testsuite name="TS2" tests="1" failures="0" errors="0" time="28.43" skipped="0" timestamp="21-08-2024T11:14:31" hostname="phamvanbinh - localhost" id="Test Suites/TS2">
      <properties>
         <property name="deviceName" value=""/>
         <property name="devicePlatform"/>
         <property name="logFolder" value="/Users/phamvanbinh/Documents/testkatalon/testkatalon/Reports/20240821_111426/TS2/20240821_111427"/>
         <property name="logFiles" value="/Users/phamvanbinh/Documents/testkatalon/testkatalon/Reports/20240821_111426/TS2/20240821_111427/execution0.log"/>
         <property name="attachments" value=""/>
         <property name="hostName" value="phamvanbinh - localhost"/>
         <property name="os" value="Mac OS X 64bit"/>
         <property name="katalonVersion" value="9.6.0.217"/>
         <property name="browser" value="Chrome 127.0.0.0"/>
         <property name="hostAddress" value="127.0.0.1"/>
         <property name="sessionId" value="df9251e7a775f3207c9012b6a24cadbe"/>
         <property name="seleniumVersion" value="3.141.59"/>
         <property name="proxyInformation" value="ProxyInformation { proxyOption=NO_PROXY, proxyServerType=HTTP, username=, password=********, proxyServerAddress=, proxyServerPort=0, executionList=&quot;&quot;, isApplyToDesiredCapabilities=true }"/>
         <property name="platform" value="Mac OS X"/>
      </properties>
      <testcase name="Test Cases/TC2" time="28.38" classname="Test Cases/TC2" status="PASSED">
         <system-out><![CDATA[21-08-2024T11:14:31 - [TEST_CASE][PASSED] - Test Cases/TC2: Test Cases/TC2

21-08-2024T11:14:31 - [TEST_STEP][PASSED] - openBrowser(""): Browser is opened with url: ''

21-08-2024T11:14:31 - [MESSAGE][INFO] - Starting 'Chrome' driver

21-08-2024T11:14:31 - [MESSAGE][INFO] - Action delay is set to 0 milliseconds

21-08-2024T11:14:32 - [MESSAGE][PASSED] - Browser is opened with url: ''

21-08-2024T11:14:32 - [TEST_STEP][PASSED] - navigateToUrl("https://www.google.com.vn/"): Navigate to 'https://www.google.com.vn/' successfully

21-08-2024T11:14:33 - [MESSAGE][PASSED] - Navigate to 'https://www.google.com.vn/' successfully

21-08-2024T11:14:33 - [TEST_STEP][PASSED] - click(findTestObject("Object Repository/Page_Google/span_Sam Landsberger")): Object: 'Object Repository/Page_Google/span_Sam Landsberger' is clicked on

21-08-2024T11:14:50 - [MESSAGE][PASSED] - Object: 'Object Repository/Page_Google/span_Sam Landsberger' is clicked on

21-08-2024T11:14:50 - [TEST_STEP][PASSED] - click(findTestObject("Object Repository/Page_sam landsberger - Google Search/div_Images")): Object: 'Object Repository/Page_sam landsberger - Google Search/div_Images' is clicked on

21-08-2024T11:14:55 - [MESSAGE][PASSED] - Object: 'Object Repository/Page_sam landsberger - Google Search/div_Images' is clicked on

21-08-2024T11:14:55 - [TEST_STEP][PASSED] - click(findTestObject("Object Repository/Page_sam landsberger - Google Search/span_Wikipedia")): Object: 'Object Repository/Page_sam landsberger - Google Search/span_Wikipedia' is clicked on

21-08-2024T11:14:59 - [MESSAGE][PASSED] - Object: 'Object Repository/Page_sam landsberger - Google Search/span_Wikipedia' is clicked on

21-08-2024T11:14:59 - [TEST_STEP][PASSED] - closeBrowser(): Browser is closed

21-08-2024T11:14:59 - [MESSAGE][PASSED] - Browser is closed]]></system-out>
         <system-err><![CDATA[]]></system-err>
      </testcase>
      <system-out><![CDATA[21-08-2024T11:14:31 - [TEST_SUITE][PASSED] - TS2: Test Cases/TC2]]></system-out>
      <system-err><![CDATA[]]></system-err>
   </testsuite>
</testsuites>
