<?xml version="1.0" encoding="UTF-8"?>
<testsuites name="TS9" time="4.148" tests="1" failures="0" errors="0">
   <testsuite name="TS9" tests="1" failures="0" errors="0" time="4.148" skipped="0" timestamp="22-08-2024T10:36:54" hostname="phamvanbinh - localhost" id="Test Suites/TS9">
      <properties>
         <property name="deviceName" value=""/>
         <property name="devicePlatform"/>
         <property name="logFolder" value="/Users/phamvanbinh/Documents/testkatalon/testkatalon/Reports/20240822_103648/TS9/20240822_103649"/>
         <property name="logFiles" value="/Users/phamvanbinh/Documents/testkatalon/testkatalon/Reports/20240822_103648/TS9/20240822_103649/execution0.log"/>
         <property name="attachments" value=""/>
         <property name="hostName" value="phamvanbinh - localhost"/>
         <property name="os" value="Mac OS X 64bit"/>
         <property name="katalonVersion" value="9.6.0.217"/>
         <property name="browser" value="Chrome 128.0.0.0"/>
         <property name="hostAddress" value="127.0.0.1"/>
         <property name="sessionId" value="7c3d1cb5ad90be72d013f680f1d7d0c9"/>
         <property name="seleniumVersion" value="3.141.59"/>
         <property name="proxyInformation" value="ProxyInformation { proxyOption=NO_PROXY, proxyServerType=HTTP, username=, password=********, proxyServerAddress=, proxyServerPort=0, executionList=&quot;&quot;, isApplyToDesiredCapabilities=true }"/>
         <property name="platform" value="Mac OS X"/>
      </properties>
      <testcase name="Test Cases/TC9" time="4.092" classname="Test Cases/TC9" status="PASSED">
         <system-out><![CDATA[22-08-2024T10:36:54 - [TEST_CASE][PASSED] - Test Cases/TC9: Test Cases/TC9

22-08-2024T10:36:54 - [TEST_STEP][PASSED] - openBrowser("https://google.com"): Browser is opened with url: 'https://google.com'

22-08-2024T10:36:54 - [MESSAGE][INFO] - Starting 'Chrome' driver

22-08-2024T10:36:54 - [MESSAGE][INFO] - Action delay is set to 0 milliseconds

22-08-2024T10:36:58 - [MESSAGE][PASSED] - Browser is opened with url: 'https://google.com'

22-08-2024T10:36:58 - [TEST_STEP][PASSED] - closeBrowser(): Browser is closed

22-08-2024T10:36:58 - [MESSAGE][PASSED] - Browser is closed]]></system-out>
         <system-err><![CDATA[]]></system-err>
      </testcase>
      <system-out><![CDATA[22-08-2024T10:36:54 - [TEST_SUITE][PASSED] - TS9: Test Cases/TC9]]></system-out>
      <system-err><![CDATA[]]></system-err>
   </testsuite>
</testsuites>
