<?xml version="1.0" encoding="UTF-8"?>
<testsuites name="TS7" time="89.244" tests="1" failures="0" errors="0">
   <testsuite name="TS7" tests="1" failures="0" errors="0" time="89.244" skipped="0" timestamp="22-08-2024T09:02:27" hostname="phamvanbinh - localhost" id="Test Suites/TS7">
      <properties>
         <property name="deviceName" value=""/>
         <property name="devicePlatform"/>
         <property name="logFolder" value="/Users/phamvanbinh/Documents/testkatalon/testkatalon/Reports/20240822_085909/TS7/20240822_090010"/>
         <property name="logFiles" value="/Users/phamvanbinh/Documents/testkatalon/testkatalon/Reports/20240822_085909/TS7/20240822_090010/execution0.log"/>
         <property name="attachments" value=""/>
         <property name="hostName" value="phamvanbinh - localhost"/>
         <property name="os" value="Mac OS X 64bit"/>
         <property name="katalonVersion" value="9.6.0.217"/>
         <property name="browser" value="Chrome 128.0.0.0"/>
         <property name="hostAddress" value="127.0.0.1"/>
         <property name="sessionId" value="0de9bfb1a6f5139890d435f1e15586cf"/>
         <property name="seleniumVersion" value="3.141.59"/>
         <property name="proxyInformation" value="ProxyInformation { proxyOption=NO_PROXY, proxyServerType=HTTP, username=, password=********, proxyServerAddress=, proxyServerPort=0, executionList=&quot;&quot;, isApplyToDesiredCapabilities=true }"/>
         <property name="platform" value="Mac OS X"/>
      </properties>
      <testcase name="Test Cases/TC7" time="85.385" classname="Test Cases/TC7" status="PASSED">
         <system-out><![CDATA[22-08-2024T09:02:30 - [TEST_CASE][PASSED] - Test Cases/TC7: Test Cases/TC7

22-08-2024T09:02:34 - [TEST_STEP][PASSED] - openBrowser("https://google.com"): Browser is opened with url: 'https://google.com'

22-08-2024T09:02:38 - [MESSAGE][INFO] - Starting 'Chrome' driver

22-08-2024T09:02:39 - [MESSAGE][INFO] - Action delay is set to 0 milliseconds

22-08-2024T09:03:56 - [MESSAGE][PASSED] - Browser is opened with url: 'https://google.com'

22-08-2024T09:03:56 - [TEST_STEP][PASSED] - closeBrowser(): Browser is closed

22-08-2024T09:03:56 - [MESSAGE][PASSED] - Browser is closed]]></system-out>
         <system-err><![CDATA[]]></system-err>
      </testcase>
      <system-out><![CDATA[22-08-2024T09:02:27 - [TEST_SUITE][PASSED] - TS7: Test Cases/TC7]]></system-out>
      <system-err><![CDATA[]]></system-err>
   </testsuite>
</testsuites>
