<?xml version="1.0" encoding="UTF-8"?>
<testsuites name="TS2" time="4.462" tests="1" failures="0" errors="0">
   <testsuite name="TS2" tests="1" failures="0" errors="0" time="4.462" skipped="0" timestamp="21-08-2024T16:53:01" hostname="phamvanbinh - localhost" id="Test Suites/TS2">
      <properties>
         <property name="deviceName" value=""/>
         <property name="devicePlatform"/>
         <property name="logFolder" value="/Users/phamvanbinh/Documents/testkatalon/testkatalon/Reports/20240821_165257/TS2/20240821_165257"/>
         <property name="logFiles" value="/Users/phamvanbinh/Documents/testkatalon/testkatalon/Reports/20240821_165257/TS2/20240821_165257/execution0.log"/>
         <property name="attachments" value=""/>
         <property name="hostName" value="phamvanbinh - localhost"/>
         <property name="os" value="Mac OS X 64bit"/>
         <property name="katalonVersion" value="9.6.0.217"/>
         <property name="browser" value="Chrome 127.0.0.0"/>
         <property name="hostAddress" value="127.0.0.1"/>
         <property name="sessionId" value="516319d3630bbc201f7e0e7926308b5d"/>
         <property name="seleniumVersion" value="3.141.59"/>
         <property name="proxyInformation" value="ProxyInformation { proxyOption=NO_PROXY, proxyServerType=HTTP, username=, password=********, proxyServerAddress=, proxyServerPort=0, executionList=&quot;&quot;, isApplyToDesiredCapabilities=true }"/>
         <property name="platform" value="Mac OS X"/>
      </properties>
      <testcase name="Test Cases/TC2" time="4.404" classname="Test Cases/TC2" status="PASSED">
         <system-out><![CDATA[21-08-2024T16:53:01 - [TEST_CASE][PASSED] - Test Cases/TC2: Test Cases/TC2

21-08-2024T16:53:01 - [TEST_STEP][PASSED] - openBrowser("https://google.com.vn"): Browser is opened with url: 'https://google.com.vn'

21-08-2024T16:53:01 - [MESSAGE][INFO] - Starting 'Chrome' driver

21-08-2024T16:53:01 - [MESSAGE][INFO] - Action delay is set to 0 milliseconds

21-08-2024T16:53:05 - [MESSAGE][PASSED] - Browser is opened with url: 'https://google.com.vn'

21-08-2024T16:53:05 - [TEST_STEP][PASSED] - closeBrowser(): Browser is closed

21-08-2024T16:53:05 - [MESSAGE][PASSED] - Browser is closed]]></system-out>
         <system-err><![CDATA[]]></system-err>
      </testcase>
      <system-out><![CDATA[21-08-2024T16:53:01 - [TEST_SUITE][PASSED] - TS2: Test Cases/TC2]]></system-out>
      <system-err><![CDATA[]]></system-err>
   </testsuite>
</testsuites>
