<?xml version="1.0" encoding="UTF-8"?>
<testsuites name="TS6" time="20.3" tests="1" failures="0" errors="0">
   <testsuite name="TS6" tests="1" failures="0" errors="0" time="20.3" skipped="0" timestamp="22-08-2024T10:00:41" hostname="phamvanbinh - localhost" id="Test Suites/TS6">
      <properties>
         <property name="deviceName"/>
         <property name="devicePlatform" value="LINUX"/>
         <property name="logFolder" value="/Users/phamvanbinh/Documents/testkatalon/testkatalon/Reports/20240822_100037/TS6/20240822_100037"/>
         <property name="logFiles" value="/Users/phamvanbinh/Documents/testkatalon/testkatalon/Reports/20240822_100037/TS6/20240822_100037/execution0.log"/>
         <property name="attachments" value=""/>
         <property name="hostName" value="phamvanbinh - localhost"/>
         <property name="remoteDriverUrl" value="testcloud.katalon.com/hub"/>
         <property name="desiredCapabilities" value="{&#xa;  &quot;se:cdpVersion&quot;: &quot;124.0.6367.207&quot;,&#xa;  &quot;timeouts&quot;: {&#xa;    &quot;implicit&quot;: 0,&#xa;    &quot;pageLoad&quot;: 300000,&#xa;    &quot;script&quot;: 30000&#xa;  },&#xa;  &quot;platform&quot;: &quot;LINUX&quot;,&#xa;  &quot;goog:chromeOptions&quot;: {&#xa;    &quot;debuggerAddress&quot;: &quot;localhost:43805&quot;&#xa;  },&#xa;  &quot;webauthn:extension:credBlob&quot;: true,&#xa;  &quot;acceptInsecureCerts&quot;: false,&#xa;  &quot;browserVersion&quot;: &quot;124.0.0.0&quot;,&#xa;  &quot;fedcm:accounts&quot;: true,&#xa;  &quot;kt:requestId&quot;: &quot;3ec0f110-b259-4e08-b207-9c6a0b213c4a&quot;,&#xa;  &quot;browserName&quot;: &quot;chrome&quot;,&#xa;  &quot;javascriptEnabled&quot;: true,&#xa;  &quot;katalon:option&quot;: {&#xa;    &quot;executionSessionId&quot;: &quot;3ec0f110-b259-4e08-b207-9c6a0b213c4a&quot;,&#xa;    &quot;userId&quot;: 1571139,&#xa;    &quot;organizationId&quot;: &quot;1616791&quot;,&#xa;    &quot;executionId&quot;: &quot;3eaf99d8-5b5e-459b-aa15-32407960b7b9&quot;,&#xa;    &quot;runFromTestCloud&quot;: true,&#xa;    &quot;usingTunnel&quot;: false&#xa;  },&#xa;  &quot;platformName&quot;: &quot;LINUX&quot;,&#xa;  &quot;setWindowRect&quot;: true,&#xa;  &quot;webauthn:extension:largeBlob&quot;: true,&#xa;  &quot;networkConnectionEnabled&quot;: false,&#xa;  &quot;chrome&quot;: {&#xa;    &quot;chromedriverVersion&quot;: &quot;124.0.6367.207 (a9001a6e39fbaa559510ca866052950457dd4e6b-refs/branch-heads/6367_201@{#3})&quot;,&#xa;    &quot;userDataDir&quot;: &quot;/tmp/.org.chromium.Chromium.ugE701&quot;&#xa;  },&#xa;  &quot;pageLoadStrategy&quot;: &quot;normal&quot;,&#xa;  &quot;unhandledPromptBehavior&quot;: &quot;dismiss and notify&quot;,&#xa;  &quot;strictFileInteractability&quot;: false,&#xa;  &quot;se:cdp&quot;: &quot;ws://10.50.8.97:4444/session/f846e891737d991d9388b1a7d205481c/se/cdp&quot;,&#xa;  &quot;se:bidiEnabled&quot;: false,&#xa;  &quot;proxy&quot;: {&#xa;    &quot;proxyType&quot;: &quot;DIRECT&quot;,&#xa;    &quot;autodetect&quot;: false&#xa;  },&#xa;  &quot;webauthn:extension:minPinLength&quot;: true,&#xa;  &quot;webauthn:extension:prf&quot;: true,&#xa;  &quot;webauthn:virtualAuthenticators&quot;: true&#xa;}"/>
         <property name="os" value="Mac OS X 64bit"/>
         <property name="remoteOS" value="Linux"/>
         <property name="katalonVersion" value="9.6.0.217"/>
         <property name="browser" value="Chrome 124.0.0.0"/>
         <property name="hostAddress" value="127.0.0.1"/>
         <property name="sessionId" value="f846e891737d991d9388b1a7d205481c"/>
         <property name="seleniumVersion" value="3.141.59"/>
         <property name="proxyInformation" value="ProxyInformation { proxyOption=NO_PROXY, proxyServerType=HTTP, username=, password=********, proxyServerAddress=, proxyServerPort=0, executionList=&quot;&quot;, isApplyToDesiredCapabilities=true }"/>
         <property name="platform" value="Mac OS X"/>
      </properties>
      <testcase name="Test Cases/TC6" time="20.249" classname="Test Cases/TC6" status="PASSED">
         <system-out><![CDATA[22-08-2024T10:00:41 - [TEST_CASE][PASSED] - Test Cases/TC6: Test Cases/TC6

22-08-2024T10:00:42 - [TEST_STEP][PASSED] - openBrowser("https://google.com"): Browser is opened with url: 'https://google.com'

22-08-2024T10:00:42 - [MESSAGE][INFO] - User set preference: ['os', 'linux']

22-08-2024T10:00:42 - [MESSAGE][INFO] - User set preference: ['browserVersion', '124']

22-08-2024T10:00:42 - [MESSAGE][INFO] - User set preference: ['browserName', 'chrome']

22-08-2024T10:00:42 - [MESSAGE][INFO] - User set preference: ['katalon:option', '{organizationId=1616791, usingTunnel=false}']

22-08-2024T10:00:42 - [MESSAGE][INFO] - Connecting to remote web server 'testcloud.katalon.com/hub' with type 'Selenium'

22-08-2024T10:00:42 - [MESSAGE][INFO] - Action delay is set to 0 milliseconds

22-08-2024T10:01:00 - [MESSAGE][PASSED] - Browser is opened with url: 'https://google.com'

22-08-2024T10:01:00 - [TEST_STEP][PASSED] - closeBrowser(): Browser is closed

22-08-2024T10:01:02 - [MESSAGE][PASSED] - Browser is closed]]></system-out>
         <system-err><![CDATA[]]></system-err>
      </testcase>
      <system-out><![CDATA[22-08-2024T10:00:41 - [TEST_SUITE][PASSED] - TS6: Test Cases/TC6]]></system-out>
      <system-err><![CDATA[]]></system-err>
   </testsuite>
</testsuites>
