<?xml version="1.0" encoding="UTF-8"?>
<testsuites name="TS7" time="2.109" tests="1" failures="0" errors="0">
   <testsuite name="TS7" tests="1" failures="0" errors="0" time="2.109" skipped="0" timestamp="21-08-2024T17:33:29" hostname="phamvanbinh - localhost" id="Test Suites/TS7">
      <properties>
         <property name="deviceName" value=""/>
         <property name="devicePlatform"/>
         <property name="logFolder" value="/Users/phamvanbinh/Documents/testkatalon/testkatalon/Reports/20240821_173324/TS7/20240821_173325"/>
         <property name="logFiles" value="/Users/phamvanbinh/Documents/testkatalon/testkatalon/Reports/20240821_173324/TS7/20240821_173325/execution0.log"/>
         <property name="attachments" value=""/>
         <property name="hostName" value="phamvanbinh - localhost"/>
         <property name="os" value="Mac OS X 64bit"/>
         <property name="katalonVersion" value="9.6.0.217"/>
         <property name="browser" value="Chrome 127.0.0.0"/>
         <property name="hostAddress" value="127.0.0.1"/>
         <property name="sessionId" value="f98c434e1020a0cfdd212980aae0285f"/>
         <property name="seleniumVersion" value="3.141.59"/>
         <property name="proxyInformation" value="ProxyInformation { proxyOption=NO_PROXY, proxyServerType=HTTP, username=, password=********, proxyServerAddress=, proxyServerPort=0, executionList=&quot;&quot;, isApplyToDesiredCapabilities=true }"/>
         <property name="platform" value="Mac OS X"/>
      </properties>
      <testcase name="Test Cases/TC7" time="2.049" classname="Test Cases/TC7" status="PASSED">
         <system-out><![CDATA[21-08-2024T17:33:29 - [TEST_CASE][PASSED] - Test Cases/TC7: Test Cases/TC7

21-08-2024T17:33:29 - [TEST_STEP][PASSED] - openBrowser("https://google.com"): Browser is opened with url: 'https://google.com'

21-08-2024T17:33:29 - [MESSAGE][INFO] - Starting 'Chrome' driver

21-08-2024T17:33:29 - [MESSAGE][INFO] - Action delay is set to 0 milliseconds

21-08-2024T17:33:31 - [MESSAGE][PASSED] - Browser is opened with url: 'https://google.com'

21-08-2024T17:33:31 - [TEST_STEP][PASSED] - closeBrowser(): Browser is closed

21-08-2024T17:33:31 - [MESSAGE][PASSED] - Browser is closed]]></system-out>
         <system-err><![CDATA[]]></system-err>
      </testcase>
      <system-out><![CDATA[21-08-2024T17:33:29 - [TEST_SUITE][PASSED] - TS7: Test Cases/TC7]]></system-out>
      <system-err><![CDATA[]]></system-err>
   </testsuite>
</testsuites>
