<?xml version="1.0" encoding="UTF-8"?>
<testsuites name="TS1" time="4.074" tests="1" failures="0" errors="0">
   <testsuite name="TS1" tests="1" failures="0" errors="0" time="4.074" skipped="0" timestamp="21-08-2024T16:47:41" hostname="phamvanbinh - localhost" id="Test Suites/TS1">
      <properties>
         <property name="deviceName" value=""/>
         <property name="devicePlatform"/>
         <property name="logFolder" value="/Users/phamvanbinh/Documents/testkatalon/testkatalon/Reports/20240821_164736/TS1/20240821_164737"/>
         <property name="logFiles" value="/Users/phamvanbinh/Documents/testkatalon/testkatalon/Reports/20240821_164736/TS1/20240821_164737/execution0.log"/>
         <property name="attachments" value=""/>
         <property name="hostName" value="phamvanbinh - localhost"/>
         <property name="os" value="Mac OS X 64bit"/>
         <property name="katalonVersion" value="9.6.0.217"/>
         <property name="browser" value="Chrome 127.0.0.0"/>
         <property name="hostAddress" value="127.0.0.1"/>
         <property name="sessionId" value="d68198f46877ea4c39fab7922989077c"/>
         <property name="seleniumVersion" value="3.141.59"/>
         <property name="proxyInformation" value="ProxyInformation { proxyOption=NO_PROXY, proxyServerType=HTTP, username=, password=********, proxyServerAddress=, proxyServerPort=0, executionList=&quot;&quot;, isApplyToDesiredCapabilities=true }"/>
         <property name="platform" value="Mac OS X"/>
      </properties>
      <testcase name="Test Cases/TC1" time="4.026" classname="Test Cases/TC1" status="PASSED">
         <system-out><![CDATA[21-08-2024T16:47:41 - [TEST_CASE][PASSED] - Test Cases/TC1: Test Cases/TC1

21-08-2024T16:47:41 - [TEST_STEP][PASSED] - openBrowser("https://google.com"): Browser is opened with url: 'https://google.com'

21-08-2024T16:47:41 - [MESSAGE][INFO] - Starting 'Chrome' driver

21-08-2024T16:47:41 - [MESSAGE][INFO] - Action delay is set to 0 milliseconds

21-08-2024T16:47:45 - [MESSAGE][PASSED] - Browser is opened with url: 'https://google.com']]></system-out>
         <system-err><![CDATA[]]></system-err>
      </testcase>
      <system-out><![CDATA[21-08-2024T16:47:41 - [TEST_SUITE][PASSED] - TS1: Test Cases/TC1]]></system-out>
      <system-err><![CDATA[]]></system-err>
   </testsuite>
</testsuites>
