<?xml version="1.0" encoding="UTF-8"?>
<testsuites name="TS10" time="42.838" tests="1" failures="0" errors="0">
   <testsuite name="TS10" tests="1" failures="0" errors="0" time="42.838" skipped="0" timestamp="21-08-2024T15:20:26" hostname="phamvanbinh - localhost" id="Test Suites/TS10">
      <properties>
         <property name="deviceName" value=""/>
         <property name="devicePlatform"/>
         <property name="logFolder" value="/Users/phamvanbinh/Documents/testkatalon/testkatalon/Reports/20240821_152021/TS10/20240821_152022"/>
         <property name="logFiles" value="/Users/phamvanbinh/Documents/testkatalon/testkatalon/Reports/20240821_152021/TS10/20240821_152022/execution0.log"/>
         <property name="attachments" value=""/>
         <property name="hostName" value="phamvanbinh - localhost"/>
         <property name="os" value="Mac OS X 64bit"/>
         <property name="katalonVersion" value="9.6.0.217"/>
         <property name="browser" value="Chrome 127.0.0.0"/>
         <property name="hostAddress" value="127.0.0.1"/>
         <property name="sessionId" value="e78f1fb20eacf9fb8198162209b8eb13"/>
         <property name="seleniumVersion" value="3.141.59"/>
         <property name="proxyInformation" value="ProxyInformation { proxyOption=NO_PROXY, proxyServerType=HTTP, username=, password=********, proxyServerAddress=, proxyServerPort=0, executionList=&quot;&quot;, isApplyToDesiredCapabilities=true }"/>
         <property name="platform" value="Mac OS X"/>
      </properties>
      <testcase name="Test Cases/TC10" time="42.763" classname="Test Cases/TC10" status="PASSED">
         <system-out><![CDATA[21-08-2024T15:20:26 - [TEST_CASE][PASSED] - Test Cases/TC10: Test Cases/TC10

21-08-2024T15:20:27 - [TEST_STEP][PASSED] - openBrowser(""): Browser is opened with url: ''

21-08-2024T15:20:27 - [MESSAGE][INFO] - Starting 'Chrome' driver

21-08-2024T15:20:27 - [MESSAGE][INFO] - Action delay is set to 0 milliseconds

21-08-2024T15:20:28 - [MESSAGE][PASSED] - Browser is opened with url: ''

21-08-2024T15:20:28 - [TEST_STEP][PASSED] - navigateToUrl("https://www.google.com.vn/"): Navigate to 'https://www.google.com.vn/' successfully

21-08-2024T15:20:30 - [MESSAGE][PASSED] - Navigate to 'https://www.google.com.vn/' successfully

21-08-2024T15:20:30 - [TEST_STEP][PASSED] - setText(findTestObject("Object Repository/Page_Google/textarea_Sign in_q"), "123"): Text '123' is set on object 'Object Repository/Page_Google/textarea_Sign in_q'

21-08-2024T15:20:30 - [MESSAGE][PASSED] - Text '123' is set on object 'Object Repository/Page_Google/textarea_Sign in_q'

21-08-2024T15:20:30 - [TEST_STEP][PASSED] - click(findTestObject("Object Repository/Page_Google/svg")): Object: 'Object Repository/Page_Google/svg' is clicked on

21-08-2024T15:20:31 - [MESSAGE][PASSED] - Object: 'Object Repository/Page_Google/svg' is clicked on

21-08-2024T15:20:31 - [TEST_STEP][PASSED] - click(findTestObject("Object Repository/Page_Google/svg")): Object: 'Object Repository/Page_Google/svg' is clicked on

21-08-2024T15:20:31 - [MESSAGE][PASSED] - Object: 'Object Repository/Page_Google/svg' is clicked on

21-08-2024T15:20:31 - [TEST_STEP][PASSED] - click(findTestObject("Object Repository/Page_Google/svg")): Object: 'Object Repository/Page_Google/svg' is clicked on

21-08-2024T15:20:32 - [MESSAGE][PASSED] - Object: 'Object Repository/Page_Google/svg' is clicked on

21-08-2024T15:20:32 - [TEST_STEP][PASSED] - doubleClick(findTestObject("Object Repository/Page_Google/svg_1")): Object: 'Object Repository/Page_Google/svg_1' is double clicked on

21-08-2024T15:20:32 - [MESSAGE][PASSED] - Object: 'Object Repository/Page_Google/svg_1' is double clicked on

21-08-2024T15:20:32 - [TEST_STEP][PASSED] - click(findTestObject("Object Repository/Page_Google/svg")): Object: 'Object Repository/Page_Google/svg' is clicked on

21-08-2024T15:20:33 - [MESSAGE][PASSED] - Object: 'Object Repository/Page_Google/svg' is clicked on

21-08-2024T15:20:33 - [TEST_STEP][PASSED] - click(findTestObject("Object Repository/Page_Google/svg")): Object: 'Object Repository/Page_Google/svg' is clicked on

21-08-2024T15:20:33 - [MESSAGE][PASSED] - Object: 'Object Repository/Page_Google/svg' is clicked on

21-08-2024T15:20:33 - [TEST_STEP][PASSED] - click(findTestObject("Object Repository/Page_Google/svg")): Object: 'Object Repository/Page_Google/svg' is clicked on

21-08-2024T15:20:34 - [MESSAGE][PASSED] - Object: 'Object Repository/Page_Google/svg' is clicked on

21-08-2024T15:20:34 - [TEST_STEP][PASSED] - click(findTestObject("Object Repository/Page_Google/svg")): Object: 'Object Repository/Page_Google/svg' is clicked on

21-08-2024T15:20:34 - [MESSAGE][PASSED] - Object: 'Object Repository/Page_Google/svg' is clicked on

21-08-2024T15:20:34 - [TEST_STEP][PASSED] - click(findTestObject("Object Repository/Page_Google/svg")): Object: 'Object Repository/Page_Google/svg' is clicked on

21-08-2024T15:20:35 - [MESSAGE][PASSED] - Object: 'Object Repository/Page_Google/svg' is clicked on

21-08-2024T15:20:35 - [TEST_STEP][PASSED] - click(findTestObject("Object Repository/Page_Google/b_nhadatviet")): Object: 'Object Repository/Page_Google/b_nhadatviet' is clicked on

21-08-2024T15:20:35 - [MESSAGE][PASSED] - Object: 'Object Repository/Page_Google/b_nhadatviet' is clicked on

21-08-2024T15:20:35 - [TEST_STEP][PASSED] - click(findTestObject("Object Repository/Page_123nhadatviet - Google Search/div_Not now")): Object: 'Object Repository/Page_123nhadatviet - Google Search/div_Not now' is clicked on

21-08-2024T15:21:07 - [MESSAGE][INFO] - Unable to find the element located by 'By.xpath: //div[@id='_72rFZrXANr7f2roP0L2EwAc_32']/div[2]/span/div/div[2]/div[3]/g-raised-button/div/div'. Please recheck the objects properties to make sure the desired element is located. 

21-08-2024T15:21:07 - [MESSAGE][WARNING] - [SELF-HEALING] Failed to find element with id 'Object Repository/Page_123nhadatviet - Google Search/div_Not now'. Try using Self-healing.

21-08-2024T15:21:09 - [MESSAGE][WARNING] - [SELF-HEALING] The current locator of test object 'Object Repository/Page_123nhadatviet - Google Search/div_Not now' was broken. Propose an alternative one: '(.//*[normalize-space(text()) and normalize-space(.)='Updating locationâ€¦'])[1]/following::div[4]'.

21-08-2024T15:21:09 - [MESSAGE][PASSED] - Object: 'Object Repository/Page_123nhadatviet - Google Search/div_Not now' is clicked on

21-08-2024T15:21:09 - [TEST_STEP][PASSED] - closeBrowser(): Browser is closed

21-08-2024T15:21:09 - [MESSAGE][PASSED] - Browser is closed]]></system-out>
         <system-err><![CDATA[]]></system-err>
      </testcase>
      <system-out><![CDATA[21-08-2024T15:20:26 - [TEST_SUITE][PASSED] - TS10: Test Cases/TC10]]></system-out>
      <system-err><![CDATA[]]></system-err>
   </testsuite>
</testsuites>
