<?xml version="1.0" encoding="UTF-8"?>
<testsuites name="TS3" time="2.223" tests="1" failures="0" errors="0">
   <testsuite name="TS3" tests="1" failures="0" errors="0" time="2.223" skipped="0" timestamp="21-08-2024T11:18:13" hostname="phamvanbinh - localhost" id="Test Suites/TS3">
      <properties>
         <property name="deviceName" value=""/>
         <property name="devicePlatform"/>
         <property name="logFolder" value="/Users/phamvanbinh/Documents/testkatalon/testkatalon/Reports/20240821_111808/TS3/20240821_111809"/>
         <property name="logFiles" value="/Users/phamvanbinh/Documents/testkatalon/testkatalon/Reports/20240821_111808/TS3/20240821_111809/execution0.log"/>
         <property name="attachments" value=""/>
         <property name="hostName" value="phamvanbinh - localhost"/>
         <property name="os" value="Mac OS X 64bit"/>
         <property name="katalonVersion" value="9.6.0.217"/>
         <property name="browser" value="Chrome 127.0.0.0"/>
         <property name="hostAddress" value="127.0.0.1"/>
         <property name="sessionId" value="43e701d4e55f7e81ab5e31ccc003b8d6"/>
         <property name="seleniumVersion" value="3.141.59"/>
         <property name="proxyInformation" value="ProxyInformation { proxyOption=NO_PROXY, proxyServerType=HTTP, username=, password=********, proxyServerAddress=, proxyServerPort=0, executionList=&quot;&quot;, isApplyToDesiredCapabilities=true }"/>
         <property name="platform" value="Mac OS X"/>
      </properties>
      <testcase name="Test Cases/TC3" time="2.171" classname="Test Cases/TC3" status="PASSED">
         <system-out><![CDATA[21-08-2024T11:18:13 - [TEST_CASE][PASSED] - Test Cases/TC3: Test Cases/TC3

21-08-2024T11:18:13 - [TEST_STEP][PASSED] - openBrowser("https://google.com"): Browser is opened with url: 'https://google.com'

21-08-2024T11:18:13 - [MESSAGE][INFO] - Starting 'Chrome' driver

21-08-2024T11:18:13 - [MESSAGE][INFO] - Action delay is set to 0 milliseconds

21-08-2024T11:18:15 - [MESSAGE][PASSED] - Browser is opened with url: 'https://google.com']]></system-out>
         <system-err><![CDATA[]]></system-err>
      </testcase>
      <system-out><![CDATA[21-08-2024T11:18:13 - [TEST_SUITE][PASSED] - TS3: Test Cases/TC3]]></system-out>
      <system-err><![CDATA[]]></system-err>
   </testsuite>
</testsuites>
